<?xml version="1.0" encoding="UTF-8"?>
<!-- Generated by org.testng.reporters.JUnitXMLReporter -->
<testsuite ignored="2" hostname="DESKTOP-KHC54QM" failures="0" tests="2" name="Test(failed)(failed)" time="0.136" errors="0" timestamp="2024-07-15T10:10:54 IST">
  <testcase classname="failed_testngsuite.class3" name="testsui5" time="0.028"/>
  <testcase classname="failed_testngsuite.class2" name="testsui4" time="0.003"/>
  <testcase classname="failed_testngsuite.class2" name="testsui3" time="0.0">
    <ignored/>
  </testcase> <!-- testsui3 -->
  <testcase classname="failed_testngsuite.class3" name="testsui6" time="0.0">
    <ignored/>
  </testcase> <!-- testsui6 -->
</testsuite> <!-- Test(failed)(failed) -->
